dreamgames.com
api.dreamgames.com
cdn.dreamgames.com
helpshift.com
dreamgames.helpshift.com
trustpayments.com
securetrading.net
securetrading.com
stpayments.com
trustly.com
trustly.one
trustly.net
trustwallet.com
trustwalletapp.com
cardinalcommerce.com
arcot.com
config.tt.me
data.-telegram.org
airbrush.com
api.airbrush.com
auth.airbrush.com
app.airbrush.com
cdn.airbrush.com
lmarena.ai
lmsys.org
chat.lmsys.org
api.lmsys.org
gradio.app
gradio.live
huggingface.co
hf.space
hf-mirror.com
cdn-lfs.huggingface.co
worker-v2.live-video.net
replicate.com
replicate.delivery

